InnoDB: using atomic writes.
2021-02-25 10:36:37 0 [Note] InnoDB: Mutexes and rw_locks use Windows interlocked functions
2021-02-25 10:36:37 0 [Note] InnoDB: Uses event mutexes
2021-02-25 10:36:37 0 [Note] InnoDB: Compressed tables use zlib 1.2.11
2021-02-25 10:36:37 0 [Note] InnoDB: Number of pools: 1
2021-02-25 10:36:37 0 [Note] InnoDB: Using SSE2 crc32 instructions
2021-02-25 10:36:37 0 [Note] InnoDB: Initializing buffer pool, total size = 16M, instances = 1, chunk size = 16M
2021-02-25 10:36:37 0 [Note] InnoDB: Completed initialization of buffer pool
2021-02-25 10:36:37 0 [Note] InnoDB: Starting crash recovery from checkpoint LSN=300288
2021-02-25 10:36:38 0 [Note] InnoDB: 128 out of 128 rollback segments are active.
2021-02-25 10:36:38 0 [Note] InnoDB: Removed temporary tablespace data file: "ibtmp1"
2021-02-25 10:36:38 0 [Note] InnoDB: Creating shared tablespace for temporary tables
2021-02-25 10:36:38 0 [Note] InnoDB: Setting file 'C:\xampp\mysql\data\ibtmp1' size to 12 MB. Physically writing the file full; Please wait ...
2021-02-25 10:36:38 0 [Note] InnoDB: File 'C:\xampp\mysql\data\ibtmp1' size is now 12 MB.
2021-02-25 10:36:38 0 [Note] InnoDB: Waiting for purge to start
2021-02-25 10:36:38 0 [Note] InnoDB: 10.4.17 started; log sequence number 300297; transaction id 170
2021-02-25 10:36:38 0 [Note] InnoDB: Loading buffer pool(s) from C:\xampp\mysql\data\ib_buffer_pool
2021-02-25 10:36:38 0 [Note] Plugin 'FEEDBACK' is disabled.
2021-02-25 10:36:38 0 [Note] InnoDB: Buffer pool(s) load completed at 210225 10:36:38
2021-02-25 10:36:38 0 [Note] Server socket created on IP: '::'.
InnoDB: using atomic writes.
2021-03-02 16:14:59 0 [Note] InnoDB: Mutexes and rw_locks use Windows interlocked functions
2021-03-02 16:14:59 0 [Note] InnoDB: Uses event mutexes
2021-03-02 16:14:59 0 [Note] InnoDB: Compressed tables use zlib 1.2.11
2021-03-02 16:14:59 0 [Note] InnoDB: Number of pools: 1
2021-03-02 16:14:59 0 [Note] InnoDB: Using SSE2 crc32 instructions
2021-03-02 16:14:59 0 [Note] InnoDB: Initializing buffer pool, total size = 16M, instances = 1, chunk size = 16M
2021-03-02 16:14:59 0 [Note] InnoDB: Completed initialization of buffer pool
2021-03-02 16:14:59 0 [Note] InnoDB: Starting crash recovery from checkpoint LSN=1117283
2021-03-02 16:14:59 0 [Note] InnoDB: 128 out of 128 rollback segments are active.
2021-03-02 16:14:59 0 [Note] InnoDB: Removed temporary tablespace data file: "ibtmp1"
2021-03-02 16:14:59 0 [Note] InnoDB: Creating shared tablespace for temporary tables
2021-03-02 16:14:59 0 [Note] InnoDB: Setting file 'C:\xampp\mysql\data\ibtmp1' size to 12 MB. Physically writing the file full; Please wait ...
2021-03-02 16:14:59 0 [Note] InnoDB: File 'C:\xampp\mysql\data\ibtmp1' size is now 12 MB.
2021-03-02 16:14:59 0 [Note] InnoDB: Waiting for purge to start
2021-03-02 16:14:59 0 [Note] InnoDB: 10.4.17 started; log sequence number 1117292; transaction id 1061
2021-03-02 16:14:59 0 [Note] InnoDB: Loading buffer pool(s) from C:\xampp\mysql\data\ib_buffer_pool
2021-03-02 16:14:59 0 [Note] Plugin 'FEEDBACK' is disabled.
2021-03-02 16:14:59 0 [Note] InnoDB: Buffer pool(s) load completed at 210302 16:14:59
2021-03-02 16:14:59 0 [Note] Server socket created on IP: '::'.
InnoDB: using atomic writes.
2021-03-11 21:35:20 0 [Note] InnoDB: Mutexes and rw_locks use Windows interlocked functions
2021-03-11 21:35:20 0 [Note] InnoDB: Uses event mutexes
2021-03-11 21:35:20 0 [Note] InnoDB: Compressed tables use zlib 1.2.11
2021-03-11 21:35:20 0 [Note] InnoDB: Number of pools: 1
2021-03-11 21:35:20 0 [Note] InnoDB: Using SSE2 crc32 instructions
2021-03-11 21:35:20 0 [Note] InnoDB: Initializing buffer pool, total size = 16M, instances = 1, chunk size = 16M
2021-03-11 21:35:20 0 [Note] InnoDB: Completed initialization of buffer pool
2021-03-11 21:35:20 0 [Note] InnoDB: Starting crash recovery from checkpoint LSN=1118586
2021-03-11 21:35:20 0 [Note] InnoDB: 128 out of 128 rollback segments are active.
2021-03-11 21:35:20 0 [Note] InnoDB: Removed temporary tablespace data file: "ibtmp1"
2021-03-11 21:35:20 0 [Note] InnoDB: Creating shared tablespace for temporary tables
2021-03-11 21:35:20 0 [Note] InnoDB: Setting file 'C:\xampp\mysql\data\ibtmp1' size to 12 MB. Physically writing the file full; Please wait ...
2021-03-11 21:35:20 0 [Note] InnoDB: File 'C:\xampp\mysql\data\ibtmp1' size is now 12 MB.
2021-03-11 21:35:20 0 [Note] InnoDB: Waiting for purge to start
2021-03-11 21:35:20 0 [Note] InnoDB: 10.4.17 started; log sequence number 1118595; transaction id 1087
2021-03-11 21:35:20 0 [Note] InnoDB: Loading buffer pool(s) from C:\xampp\mysql\data\ib_buffer_pool
2021-03-11 21:35:20 0 [Note] Plugin 'FEEDBACK' is disabled.
2021-03-11 21:35:20 0 [Note] InnoDB: Buffer pool(s) load completed at 210311 21:35:20
2021-03-11 21:35:20 0 [Note] Server socket created on IP: '::'.
InnoDB: using atomic writes.
2021-03-12  0:20:29 0 [Note] InnoDB: Mutexes and rw_locks use Windows interlocked functions
2021-03-12  0:20:29 0 [Note] InnoDB: Uses event mutexes
2021-03-12  0:20:29 0 [Note] InnoDB: Compressed tables use zlib 1.2.11
2021-03-12  0:20:29 0 [Note] InnoDB: Number of pools: 1
2021-03-12  0:20:29 0 [Note] InnoDB: Using SSE2 crc32 instructions
2021-03-12  0:20:29 0 [Note] InnoDB: Initializing buffer pool, total size = 16M, instances = 1, chunk size = 16M
2021-03-12  0:20:29 0 [Note] InnoDB: Completed initialization of buffer pool
2021-03-12  0:20:29 0 [Note] InnoDB: Starting crash recovery from checkpoint LSN=1143040
2021-03-12  0:20:29 0 [Note] InnoDB: 128 out of 128 rollback segments are active.
2021-03-12  0:20:29 0 [Note] InnoDB: Removed temporary tablespace data file: "ibtmp1"
2021-03-12  0:20:29 0 [Note] InnoDB: Creating shared tablespace for temporary tables
2021-03-12  0:20:29 0 [Note] InnoDB: Setting file 'C:\xampp\mysql\data\ibtmp1' size to 12 MB. Physically writing the file full; Please wait ...
2021-03-12  0:20:29 0 [Note] InnoDB: File 'C:\xampp\mysql\data\ibtmp1' size is now 12 MB.
2021-03-12  0:20:29 0 [Note] InnoDB: Waiting for purge to start
2021-03-12  0:20:29 0 [Note] InnoDB: 10.4.17 started; log sequence number 1143049; transaction id 1154
2021-03-12  0:20:29 0 [Note] InnoDB: Loading buffer pool(s) from C:\xampp\mysql\data\ib_buffer_pool
2021-03-12  0:20:29 0 [Note] Plugin 'FEEDBACK' is disabled.
2021-03-12  0:20:29 0 [Note] Server socket created on IP: '::'.
2021-03-12  0:20:29 0 [Note] InnoDB: Buffer pool(s) load completed at 210312  0:20:29
InnoDB: using atomic writes.
2021-03-13 12:46:03 0 [Note] InnoDB: Mutexes and rw_locks use Windows interlocked functions
2021-03-13 12:46:03 0 [Note] InnoDB: Uses event mutexes
2021-03-13 12:46:03 0 [Note] InnoDB: Compressed tables use zlib 1.2.11
2021-03-13 12:46:03 0 [Note] InnoDB: Number of pools: 1
2021-03-13 12:46:03 0 [Note] InnoDB: Using SSE2 crc32 instructions
2021-03-13 12:46:03 0 [Note] InnoDB: Initializing buffer pool, total size = 16M, instances = 1, chunk size = 16M
2021-03-13 12:46:03 0 [Note] InnoDB: Completed initialization of buffer pool
2021-03-13 12:46:03 0 [Note] InnoDB: Starting crash recovery from checkpoint LSN=1143462
2021-03-13 12:46:03 0 [Note] InnoDB: 128 out of 128 rollback segments are active.
2021-03-13 12:46:03 0 [Note] InnoDB: Removed temporary tablespace data file: "ibtmp1"
2021-03-13 12:46:03 0 [Note] InnoDB: Creating shared tablespace for temporary tables
2021-03-13 12:46:03 0 [Note] InnoDB: Setting file 'C:\xampp\mysql\data\ibtmp1' size to 12 MB. Physically writing the file full; Please wait ...
2021-03-13 12:46:03 0 [Note] InnoDB: File 'C:\xampp\mysql\data\ibtmp1' size is now 12 MB.
2021-03-13 12:46:03 0 [Note] InnoDB: Waiting for purge to start
2021-03-13 12:46:03 0 [Note] InnoDB: 10.4.17 started; log sequence number 1143471; transaction id 1161
2021-03-13 12:46:03 0 [Note] InnoDB: Loading buffer pool(s) from C:\xampp\mysql\data\ib_buffer_pool
2021-03-13 12:46:03 0 [Note] Plugin 'FEEDBACK' is disabled.
2021-03-13 12:46:03 0 [Note] InnoDB: Buffer pool(s) load completed at 210313 12:46:03
2021-03-13 12:46:03 0 [Note] Server socket created on IP: '::'.
InnoDB: using atomic writes.
2021-03-15 11:10:14 0 [Note] InnoDB: Mutexes and rw_locks use Windows interlocked functions
2021-03-15 11:10:14 0 [Note] InnoDB: Uses event mutexes
2021-03-15 11:10:14 0 [Note] InnoDB: Compressed tables use zlib 1.2.11
2021-03-15 11:10:14 0 [Note] InnoDB: Number of pools: 1
2021-03-15 11:10:14 0 [Note] InnoDB: Using SSE2 crc32 instructions
2021-03-15 11:10:14 0 [Note] InnoDB: Initializing buffer pool, total size = 16M, instances = 1, chunk size = 16M
2021-03-15 11:10:14 0 [Note] InnoDB: Completed initialization of buffer pool
2021-03-15 11:10:14 0 [Note] InnoDB: Starting crash recovery from checkpoint LSN=1255680
2021-03-15 11:10:14 0 [Note] InnoDB: 128 out of 128 rollback segments are active.
2021-03-15 11:10:14 0 [Note] InnoDB: Removed temporary tablespace data file: "ibtmp1"
2021-03-15 11:10:14 0 [Note] InnoDB: Creating shared tablespace for temporary tables
2021-03-15 11:10:14 0 [Note] InnoDB: Setting file 'C:\xampp\mysql\data\ibtmp1' size to 12 MB. Physically writing the file full; Please wait ...
2021-03-15 11:10:14 0 [Note] InnoDB: File 'C:\xampp\mysql\data\ibtmp1' size is now 12 MB.
2021-03-15 11:10:14 0 [Note] InnoDB: Waiting for purge to start
2021-03-15 11:10:14 0 [Note] InnoDB: 10.4.17 started; log sequence number 1255727; transaction id 1460
2021-03-15 11:10:14 0 [Note] InnoDB: Loading buffer pool(s) from C:\xampp\mysql\data\ib_buffer_pool
2021-03-15 11:10:14 0 [Note] Plugin 'FEEDBACK' is disabled.
2021-03-15 11:10:14 0 [Note] InnoDB: Buffer pool(s) load completed at 210315 11:10:14
2021-03-15 11:10:14 0 [Note] Server socket created on IP: '::'.
InnoDB: using atomic writes.
2021-03-16 15:48:43 0 [Note] InnoDB: Mutexes and rw_locks use Windows interlocked functions
2021-03-16 15:48:43 0 [Note] InnoDB: Uses event mutexes
2021-03-16 15:48:43 0 [Note] InnoDB: Compressed tables use zlib 1.2.11
2021-03-16 15:48:43 0 [Note] InnoDB: Number of pools: 1
2021-03-16 15:48:43 0 [Note] InnoDB: Using SSE2 crc32 instructions
2021-03-16 15:48:43 0 [Note] InnoDB: Initializing buffer pool, total size = 16M, instances = 1, chunk size = 16M
2021-03-16 15:48:43 0 [Note] InnoDB: Completed initialization of buffer pool
2021-03-16 15:48:43 0 [Note] InnoDB: Starting crash recovery from checkpoint LSN=2072818
2021-03-16 15:48:44 0 [Note] InnoDB: 128 out of 128 rollback segments are active.
2021-03-16 15:48:44 0 [Note] InnoDB: Removed temporary tablespace data file: "ibtmp1"
2021-03-16 15:48:44 0 [Note] InnoDB: Creating shared tablespace for temporary tables
2021-03-16 15:48:44 0 [Note] InnoDB: Setting file 'C:\xampp\mysql\data\ibtmp1' size to 12 MB. Physically writing the file full; Please wait ...
2021-03-16 15:48:44 0 [Note] InnoDB: File 'C:\xampp\mysql\data\ibtmp1' size is now 12 MB.
2021-03-16 15:48:44 0 [Note] InnoDB: Waiting for purge to start
2021-03-16 15:48:44 0 [Note] InnoDB: 10.4.17 started; log sequence number 2072827; transaction id 2732
2021-03-16 15:48:44 0 [Note] InnoDB: Loading buffer pool(s) from C:\xampp\mysql\data\ib_buffer_pool
2021-03-16 15:48:44 0 [Note] Plugin 'FEEDBACK' is disabled.
2021-03-16 15:48:44 0 [Note] InnoDB: Buffer pool(s) load completed at 210316 15:48:44
2021-03-16 15:48:44 0 [Note] Server socket created on IP: '::'.
InnoDB: using atomic writes.
2021-03-16 15:53:54 0 [Note] InnoDB: Mutexes and rw_locks use Windows interlocked functions
2021-03-16 15:53:54 0 [Note] InnoDB: Uses event mutexes
2021-03-16 15:53:54 0 [Note] InnoDB: Compressed tables use zlib 1.2.11
2021-03-16 15:53:54 0 [Note] InnoDB: Number of pools: 1
2021-03-16 15:53:54 0 [Note] InnoDB: Using SSE2 crc32 instructions
2021-03-16 15:53:54 0 [Note] InnoDB: Initializing buffer pool, total size = 16M, instances = 1, chunk size = 16M
2021-03-16 15:53:54 0 [Note] InnoDB: Completed initialization of buffer pool
2021-03-16 15:53:54 0 [ERROR] InnoDB: Operating system error number 3 in a file operation.
2021-03-16 15:53:54 0 [ERROR] InnoDB: The error means the system cannot find the path specified.
2021-03-16 15:53:54 0 [ERROR] InnoDB: If you are installing InnoDB, remember that you must create directories yourself, InnoDB does not create them.
2021-03-16 15:53:54 0 [ERROR] InnoDB: Cannot open datafile for read-only: '.\assignment3\contracts.ibd' OS error: 203
2021-03-16 15:53:54 0 [ERROR] InnoDB: Operating system error number 203 in a file operation.
2021-03-16 15:53:54 0 [Note] InnoDB: Some operating system error numbers are described at https://mariadb.com/kb/en/library/operating-system-error-codes/
2021-03-16 15:53:54 0 [ERROR] InnoDB: Could not find a valid tablespace file for ``assignment3`.`contracts``. Please refer to https://mariadb.com/kb/en/innodb-data-dictionary-troubleshooting/ for how to resolve the issue.
2021-03-16 15:53:54 0 [Warning] InnoDB: Ignoring tablespace for `assignment3`.`contracts` because it could not be opened.
2021-03-16 15:53:54 0 [ERROR] InnoDB: Operating system error number 3 in a file operation.
2021-03-16 15:53:54 0 [ERROR] InnoDB: The error means the system cannot find the path specified.
2021-03-16 15:53:54 0 [ERROR] InnoDB: If you are installing InnoDB, remember that you must create directories yourself, InnoDB does not create them.
2021-03-16 15:53:54 0 [ERROR] InnoDB: Cannot open datafile for read-only: '.\assignment3\drug.ibd' OS error: 203
2021-03-16 15:53:54 0 [ERROR] InnoDB: Operating system error number 203 in a file operation.
2021-03-16 15:53:54 0 [Note] InnoDB: Some operating system error numbers are described at https://mariadb.com/kb/en/library/operating-system-error-codes/
2021-03-16 15:53:54 0 [ERROR] InnoDB: Could not find a valid tablespace file for ``assignment3`.`drug``. Please refer to https://mariadb.com/kb/en/innodb-data-dictionary-troubleshooting/ for how to resolve the issue.
2021-03-16 15:53:54 0 [Warning] InnoDB: Ignoring tablespace for `assignment3`.`drug` because it could not be opened.
2021-03-16 15:53:54 0 [ERROR] InnoDB: Operating system error number 3 in a file operation.
2021-03-16 15:53:54 0 [ERROR] InnoDB: The error means the system cannot find the path specified.
2021-03-16 15:53:54 0 [ERROR] InnoDB: If you are installing InnoDB, remember that you must create directories yourself, InnoDB does not create them.
2021-03-16 15:53:54 0 [ERROR] InnoDB: Cannot open datafile for read-only: '.\assignment3\pharmacy.ibd' OS error: 203
2021-03-16 15:53:54 0 [ERROR] InnoDB: Operating system error number 203 in a file operation.
2021-03-16 15:53:54 0 [Note] InnoDB: Some operating system error numbers are described at https://mariadb.com/kb/en/library/operating-system-error-codes/
2021-03-16 15:53:54 0 [ERROR] InnoDB: Could not find a valid tablespace file for ``assignment3`.`pharmacy``. Please refer to https://mariadb.com/kb/en/innodb-data-dictionary-troubleshooting/ for how to resolve the issue.
2021-03-16 15:53:54 0 [Warning] InnoDB: Ignoring tablespace for `assignment3`.`pharmacy` because it could not be opened.
2021-03-16 15:53:54 0 [ERROR] InnoDB: Operating system error number 3 in a file operation.
2021-03-16 15:53:54 0 [ERROR] InnoDB: The error means the system cannot find the path specified.
2021-03-16 15:53:54 0 [ERROR] InnoDB: If you are installing InnoDB, remember that you must create directories yourself, InnoDB does not create them.
2021-03-16 15:53:54 0 [ERROR] InnoDB: Cannot open datafile for read-only: '.\assignment3\pharmacy_company.ibd' OS error: 203
2021-03-16 15:53:54 0 [ERROR] InnoDB: Operating system error number 203 in a file operation.
2021-03-16 15:53:54 0 [Note] InnoDB: Some operating system error numbers are described at https://mariadb.com/kb/en/library/operating-system-error-codes/
2021-03-16 15:53:54 0 [ERROR] InnoDB: Could not find a valid tablespace file for ``assignment3`.`pharmacy_company``. Please refer to https://mariadb.com/kb/en/innodb-data-dictionary-troubleshooting/ for how to resolve the issue.
2021-03-16 15:53:54 0 [Warning] InnoDB: Ignoring tablespace for `assignment3`.`pharmacy_company` because it could not be opened.
2021-03-16 15:53:54 0 [ERROR] InnoDB: Operating system error number 3 in a file operation.
2021-03-16 15:53:54 0 [ERROR] InnoDB: The error means the system cannot find the path specified.
2021-03-16 15:53:54 0 [ERROR] InnoDB: If you are installing InnoDB, remember that you must create directories yourself, InnoDB does not create them.
2021-03-16 15:53:54 0 [ERROR] InnoDB: Cannot open datafile for read-only: '.\assignment3\sells.ibd' OS error: 203
2021-03-16 15:53:54 0 [ERROR] InnoDB: Operating system error number 203 in a file operation.
2021-03-16 15:53:54 0 [Note] InnoDB: Some operating system error numbers are described at https://mariadb.com/kb/en/library/operating-system-error-codes/
2021-03-16 15:53:54 0 [ERROR] InnoDB: Could not find a valid tablespace file for ``assignment3`.`sells``. Please refer to https://mariadb.com/kb/en/innodb-data-dictionary-troubleshooting/ for how to resolve the issue.
2021-03-16 15:53:54 0 [Warning] InnoDB: Ignoring tablespace for `assignment3`.`sells` because it could not be opened.
2021-03-16 15:53:54 0 [ERROR] InnoDB: Operating system error number 3 in a file operation.
2021-03-16 15:53:54 0 [ERROR] InnoDB: The error means the system cannot find the path specified.
2021-03-16 15:53:54 0 [ERROR] InnoDB: If you are installing InnoDB, remember that you must create directories yourself, InnoDB does not create them.
2021-03-16 15:53:54 0 [ERROR] InnoDB: Cannot open datafile for read-only: '.\assignment3\sold_by.ibd' OS error: 203
2021-03-16 15:53:54 0 [ERROR] InnoDB: Operating system error number 203 in a file operation.
2021-03-16 15:53:54 0 [Note] InnoDB: Some operating system error numbers are described at https://mariadb.com/kb/en/library/operating-system-error-codes/
2021-03-16 15:53:54 0 [ERROR] InnoDB: Could not find a valid tablespace file for ``assignment3`.`sold_by``. Please refer to https://mariadb.com/kb/en/innodb-data-dictionary-troubleshooting/ for how to resolve the issue.
2021-03-16 15:53:54 0 [Warning] InnoDB: Ignoring tablespace for `assignment3`.`sold_by` because it could not be opened.
2021-03-16 15:53:54 0 [Note] InnoDB: 128 out of 128 rollback segments are active.
2021-03-16 15:53:54 0 [Note] InnoDB: Creating shared tablespace for temporary tables
2021-03-16 15:53:54 0 [Note] InnoDB: Setting file 'C:\xampp\mysql\data\ibtmp1' size to 12 MB. Physically writing the file full; Please wait ...
2021-03-16 15:53:54 0 [Note] InnoDB: File 'C:\xampp\mysql\data\ibtmp1' size is now 12 MB.
2021-03-16 15:53:54 0 [Note] InnoDB: Waiting for purge to start
2021-03-16 15:53:54 0 [Note] InnoDB: 10.4.17 started; log sequence number 2073166; transaction id 2739
2021-03-16 15:53:54 0 [Note] InnoDB: Loading buffer pool(s) from C:\xampp\mysql\data\ib_buffer_pool
2021-03-16 15:53:54 0 [Note] Plugin 'FEEDBACK' is disabled.
2021-03-16 15:53:54 0 [Note] InnoDB: Buffer pool(s) load completed at 210316 15:53:54
2021-03-16 15:53:54 0 [Note] Server socket created on IP: '::'.
InnoDB: using atomic writes.
2021-03-16 16:00:35 0 [Note] InnoDB: Mutexes and rw_locks use Windows interlocked functions
2021-03-16 16:00:35 0 [Note] InnoDB: Uses event mutexes
2021-03-16 16:00:35 0 [Note] InnoDB: Compressed tables use zlib 1.2.11
2021-03-16 16:00:35 0 [Note] InnoDB: Number of pools: 1
2021-03-16 16:00:35 0 [Note] InnoDB: Using SSE2 crc32 instructions
2021-03-16 16:00:35 0 [Note] InnoDB: Initializing buffer pool, total size = 16M, instances = 1, chunk size = 16M
2021-03-16 16:00:35 0 [Note] InnoDB: Completed initialization of buffer pool
2021-03-16 16:00:35 0 [Note] InnoDB: Starting crash recovery from checkpoint LSN=2073480
2021-03-16 16:00:35 0 [ERROR] InnoDB: Operating system error number 3 in a file operation.
2021-03-16 16:00:35 0 [ERROR] InnoDB: The error means the system cannot find the path specified.
2021-03-16 16:00:35 0 [ERROR] InnoDB: If you are installing InnoDB, remember that you must create directories yourself, InnoDB does not create them.
2021-03-16 16:00:35 0 [ERROR] InnoDB: Cannot open datafile for read-only: '.\assignment3\contracts.ibd' OS error: 203
2021-03-16 16:00:35 0 [ERROR] InnoDB: Operating system error number 203 in a file operation.
2021-03-16 16:00:35 0 [Note] InnoDB: Some operating system error numbers are described at https://mariadb.com/kb/en/library/operating-system-error-codes/
2021-03-16 16:00:35 0 [ERROR] InnoDB: Could not find a valid tablespace file for ``assignment3`.`contracts``. Please refer to https://mariadb.com/kb/en/innodb-data-dictionary-troubleshooting/ for how to resolve the issue.
2021-03-16 16:00:35 0 [Warning] InnoDB: Ignoring tablespace for `assignment3`.`contracts` because it could not be opened.
2021-03-16 16:00:35 0 [ERROR] InnoDB: Operating system error number 3 in a file operation.
2021-03-16 16:00:35 0 [ERROR] InnoDB: The error means the system cannot find the path specified.
2021-03-16 16:00:35 0 [ERROR] InnoDB: If you are installing InnoDB, remember that you must create directories yourself, InnoDB does not create them.
2021-03-16 16:00:35 0 [ERROR] InnoDB: Cannot open datafile for read-only: '.\assignment3\drug.ibd' OS error: 203
2021-03-16 16:00:35 0 [ERROR] InnoDB: Operating system error number 203 in a file operation.
2021-03-16 16:00:35 0 [Note] InnoDB: Some operating system error numbers are described at https://mariadb.com/kb/en/library/operating-system-error-codes/
2021-03-16 16:00:35 0 [ERROR] InnoDB: Could not find a valid tablespace file for ``assignment3`.`drug``. Please refer to https://mariadb.com/kb/en/innodb-data-dictionary-troubleshooting/ for how to resolve the issue.
2021-03-16 16:00:35 0 [Warning] InnoDB: Ignoring tablespace for `assignment3`.`drug` because it could not be opened.
2021-03-16 16:00:35 0 [ERROR] InnoDB: Operating system error number 3 in a file operation.
2021-03-16 16:00:35 0 [ERROR] InnoDB: The error means the system cannot find the path specified.
2021-03-16 16:00:35 0 [ERROR] InnoDB: If you are installing InnoDB, remember that you must create directories yourself, InnoDB does not create them.
2021-03-16 16:00:35 0 [ERROR] InnoDB: Cannot open datafile for read-only: '.\assignment3\pharmacy.ibd' OS error: 203
2021-03-16 16:00:35 0 [ERROR] InnoDB: Operating system error number 203 in a file operation.
2021-03-16 16:00:35 0 [Note] InnoDB: Some operating system error numbers are described at https://mariadb.com/kb/en/library/operating-system-error-codes/
2021-03-16 16:00:35 0 [ERROR] InnoDB: Could not find a valid tablespace file for ``assignment3`.`pharmacy``. Please refer to https://mariadb.com/kb/en/innodb-data-dictionary-troubleshooting/ for how to resolve the issue.
2021-03-16 16:00:35 0 [Warning] InnoDB: Ignoring tablespace for `assignment3`.`pharmacy` because it could not be opened.
2021-03-16 16:00:35 0 [ERROR] InnoDB: Operating system error number 3 in a file operation.
2021-03-16 16:00:35 0 [ERROR] InnoDB: The error means the system cannot find the path specified.
2021-03-16 16:00:35 0 [ERROR] InnoDB: If you are installing InnoDB, remember that you must create directories yourself, InnoDB does not create them.
2021-03-16 16:00:35 0 [ERROR] InnoDB: Cannot open datafile for read-only: '.\assignment3\pharmacy_company.ibd' OS error: 203
2021-03-16 16:00:35 0 [ERROR] InnoDB: Operating system error number 203 in a file operation.
2021-03-16 16:00:35 0 [Note] InnoDB: Some operating system error numbers are described at https://mariadb.com/kb/en/library/operating-system-error-codes/
2021-03-16 16:00:35 0 [ERROR] InnoDB: Could not find a valid tablespace file for ``assignment3`.`pharmacy_company``. Please refer to https://mariadb.com/kb/en/innodb-data-dictionary-troubleshooting/ for how to resolve the issue.
2021-03-16 16:00:35 0 [Warning] InnoDB: Ignoring tablespace for `assignment3`.`pharmacy_company` because it could not be opened.
2021-03-16 16:00:35 0 [ERROR] InnoDB: Operating system error number 3 in a file operation.
2021-03-16 16:00:35 0 [ERROR] InnoDB: The error means the system cannot find the path specified.
2021-03-16 16:00:35 0 [ERROR] InnoDB: If you are installing InnoDB, remember that you must create directories yourself, InnoDB does not create them.
2021-03-16 16:00:35 0 [ERROR] InnoDB: Cannot open datafile for read-only: '.\assignment3\sells.ibd' OS error: 203
2021-03-16 16:00:35 0 [ERROR] InnoDB: Operating system error number 203 in a file operation.
2021-03-16 16:00:35 0 [Note] InnoDB: Some operating system error numbers are described at https://mariadb.com/kb/en/library/operating-system-error-codes/
2021-03-16 16:00:35 0 [ERROR] InnoDB: Could not find a valid tablespace file for ``assignment3`.`sells``. Please refer to https://mariadb.com/kb/en/innodb-data-dictionary-troubleshooting/ for how to resolve the issue.
2021-03-16 16:00:35 0 [Warning] InnoDB: Ignoring tablespace for `assignment3`.`sells` because it could not be opened.
2021-03-16 16:00:35 0 [ERROR] InnoDB: Operating system error number 3 in a file operation.
2021-03-16 16:00:35 0 [ERROR] InnoDB: The error means the system cannot find the path specified.
2021-03-16 16:00:35 0 [ERROR] InnoDB: If you are installing InnoDB, remember that you must create directories yourself, InnoDB does not create them.
2021-03-16 16:00:35 0 [ERROR] InnoDB: Cannot open datafile for read-only: '.\assignment3\sold_by.ibd' OS error: 203
2021-03-16 16:00:35 0 [ERROR] InnoDB: Operating system error number 203 in a file operation.
2021-03-16 16:00:35 0 [Note] InnoDB: Some operating system error numbers are described at https://mariadb.com/kb/en/library/operating-system-error-codes/
2021-03-16 16:00:35 0 [ERROR] InnoDB: Could not find a valid tablespace file for ``assignment3`.`sold_by``. Please refer to https://mariadb.com/kb/en/innodb-data-dictionary-troubleshooting/ for how to resolve the issue.
2021-03-16 16:00:35 0 [Warning] InnoDB: Ignoring tablespace for `assignment3`.`sold_by` because it could not be opened.
2021-03-16 16:00:35 0 [Note] InnoDB: 128 out of 128 rollback segments are active.
2021-03-16 16:00:35 0 [Note] InnoDB: Removed temporary tablespace data file: "ibtmp1"
2021-03-16 16:00:35 0 [Note] InnoDB: Creating shared tablespace for temporary tables
2021-03-16 16:00:35 0 [Note] InnoDB: Setting file 'C:\xampp\mysql\data\ibtmp1' size to 12 MB. Physically writing the file full; Please wait ...
2021-03-16 16:00:35 0 [Note] InnoDB: File 'C:\xampp\mysql\data\ibtmp1' size is now 12 MB.
2021-03-16 16:00:35 0 [Note] InnoDB: Waiting for purge to start
2021-03-16 16:00:35 0 [Note] InnoDB: 10.4.17 started; log sequence number 2073489; transaction id 2746
2021-03-16 16:00:35 0 [Note] InnoDB: Loading buffer pool(s) from C:\xampp\mysql\data\ib_buffer_pool
2021-03-16 16:00:35 0 [Note] Plugin 'FEEDBACK' is disabled.
2021-03-16 16:00:35 0 [Note] InnoDB: Buffer pool(s) load completed at 210316 16:00:35
2021-03-16 16:00:35 0 [Note] Server socket created on IP: '::'.
InnoDB: using atomic writes.
2021-03-16 16:01:28 0 [Note] InnoDB: Mutexes and rw_locks use Windows interlocked functions
2021-03-16 16:01:28 0 [Note] InnoDB: Uses event mutexes
2021-03-16 16:01:28 0 [Note] InnoDB: Compressed tables use zlib 1.2.11
2021-03-16 16:01:28 0 [Note] InnoDB: Number of pools: 1
2021-03-16 16:01:28 0 [Note] InnoDB: Using SSE2 crc32 instructions
2021-03-16 16:01:28 0 [Note] InnoDB: Initializing buffer pool, total size = 16M, instances = 1, chunk size = 16M
2021-03-16 16:01:28 0 [Note] InnoDB: Completed initialization of buffer pool
2021-03-16 16:01:28 0 [Note] InnoDB: Starting crash recovery from checkpoint LSN=2074445
2021-03-16 16:01:29 0 [ERROR] InnoDB: Operating system error number 3 in a file operation.
2021-03-16 16:01:29 0 [ERROR] InnoDB: The error means the system cannot find the path specified.
2021-03-16 16:01:29 0 [ERROR] InnoDB: If you are installing InnoDB, remember that you must create directories yourself, InnoDB does not create them.
2021-03-16 16:01:29 0 [ERROR] InnoDB: Cannot open datafile for read-only: '.\assignment3\contracts.ibd' OS error: 203
2021-03-16 16:01:29 0 [ERROR] InnoDB: Operating system error number 203 in a file operation.
2021-03-16 16:01:29 0 [Note] InnoDB: Some operating system error numbers are described at https://mariadb.com/kb/en/library/operating-system-error-codes/
2021-03-16 16:01:29 0 [ERROR] InnoDB: Could not find a valid tablespace file for ``assignment3`.`contracts``. Please refer to https://mariadb.com/kb/en/innodb-data-dictionary-troubleshooting/ for how to resolve the issue.
2021-03-16 16:01:29 0 [Warning] InnoDB: Ignoring tablespace for `assignment3`.`contracts` because it could not be opened.
2021-03-16 16:01:29 0 [ERROR] InnoDB: Operating system error number 3 in a file operation.
2021-03-16 16:01:29 0 [ERROR] InnoDB: The error means the system cannot find the path specified.
2021-03-16 16:01:29 0 [ERROR] InnoDB: If you are installing InnoDB, remember that you must create directories yourself, InnoDB does not create them.
2021-03-16 16:01:29 0 [ERROR] InnoDB: Cannot open datafile for read-only: '.\assignment3\drug.ibd' OS error: 203
2021-03-16 16:01:29 0 [ERROR] InnoDB: Operating system error number 203 in a file operation.
2021-03-16 16:01:29 0 [Note] InnoDB: Some operating system error numbers are described at https://mariadb.com/kb/en/library/operating-system-error-codes/
2021-03-16 16:01:29 0 [ERROR] InnoDB: Could not find a valid tablespace file for ``assignment3`.`drug``. Please refer to https://mariadb.com/kb/en/innodb-data-dictionary-troubleshooting/ for how to resolve the issue.
2021-03-16 16:01:29 0 [Warning] InnoDB: Ignoring tablespace for `assignment3`.`drug` because it could not be opened.
2021-03-16 16:01:29 0 [ERROR] InnoDB: Operating system error number 3 in a file operation.
2021-03-16 16:01:29 0 [ERROR] InnoDB: The error means the system cannot find the path specified.
2021-03-16 16:01:29 0 [ERROR] InnoDB: If you are installing InnoDB, remember that you must create directories yourself, InnoDB does not create them.
2021-03-16 16:01:29 0 [ERROR] InnoDB: Cannot open datafile for read-only: '.\assignment3\pharmacy.ibd' OS error: 203
2021-03-16 16:01:29 0 [ERROR] InnoDB: Operating system error number 203 in a file operation.
2021-03-16 16:01:29 0 [Note] InnoDB: Some operating system error numbers are described at https://mariadb.com/kb/en/library/operating-system-error-codes/
2021-03-16 16:01:29 0 [ERROR] InnoDB: Could not find a valid tablespace file for ``assignment3`.`pharmacy``. Please refer to https://mariadb.com/kb/en/innodb-data-dictionary-troubleshooting/ for how to resolve the issue.
2021-03-16 16:01:29 0 [Warning] InnoDB: Ignoring tablespace for `assignment3`.`pharmacy` because it could not be opened.
2021-03-16 16:01:29 0 [ERROR] InnoDB: Operating system error number 3 in a file operation.
2021-03-16 16:01:29 0 [ERROR] InnoDB: The error means the system cannot find the path specified.
2021-03-16 16:01:29 0 [ERROR] InnoDB: If you are installing InnoDB, remember that you must create directories yourself, InnoDB does not create them.
2021-03-16 16:01:29 0 [ERROR] InnoDB: Cannot open datafile for read-only: '.\assignment3\pharmacy_company.ibd' OS error: 203
2021-03-16 16:01:29 0 [ERROR] InnoDB: Operating system error number 203 in a file operation.
2021-03-16 16:01:29 0 [Note] InnoDB: Some operating system error numbers are described at https://mariadb.com/kb/en/library/operating-system-error-codes/
2021-03-16 16:01:29 0 [ERROR] InnoDB: Could not find a valid tablespace file for ``assignment3`.`pharmacy_company``. Please refer to https://mariadb.com/kb/en/innodb-data-dictionary-troubleshooting/ for how to resolve the issue.
2021-03-16 16:01:29 0 [Warning] InnoDB: Ignoring tablespace for `assignment3`.`pharmacy_company` because it could not be opened.
2021-03-16 16:01:29 0 [ERROR] InnoDB: Operating system error number 3 in a file operation.
2021-03-16 16:01:29 0 [ERROR] InnoDB: The error means the system cannot find the path specified.
2021-03-16 16:01:29 0 [ERROR] InnoDB: If you are installing InnoDB, remember that you must create directories yourself, InnoDB does not create them.
2021-03-16 16:01:29 0 [ERROR] InnoDB: Cannot open datafile for read-only: '.\assignment3\sells.ibd' OS error: 203
2021-03-16 16:01:29 0 [ERROR] InnoDB: Operating system error number 203 in a file operation.
2021-03-16 16:01:29 0 [Note] InnoDB: Some operating system error numbers are described at https://mariadb.com/kb/en/library/operating-system-error-codes/
2021-03-16 16:01:29 0 [ERROR] InnoDB: Could not find a valid tablespace file for ``assignment3`.`sells``. Please refer to https://mariadb.com/kb/en/innodb-data-dictionary-troubleshooting/ for how to resolve the issue.
2021-03-16 16:01:29 0 [Warning] InnoDB: Ignoring tablespace for `assignment3`.`sells` because it could not be opened.
2021-03-16 16:01:29 0 [ERROR] InnoDB: Operating system error number 3 in a file operation.
2021-03-16 16:01:29 0 [ERROR] InnoDB: The error means the system cannot find the path specified.
2021-03-16 16:01:29 0 [ERROR] InnoDB: If you are installing InnoDB, remember that you must create directories yourself, InnoDB does not create them.
2021-03-16 16:01:29 0 [ERROR] InnoDB: Cannot open datafile for read-only: '.\assignment3\sold_by.ibd' OS error: 203
2021-03-16 16:01:29 0 [ERROR] InnoDB: Operating system error number 203 in a file operation.
2021-03-16 16:01:29 0 [Note] InnoDB: Some operating system error numbers are described at https://mariadb.com/kb/en/library/operating-system-error-codes/
2021-03-16 16:01:29 0 [ERROR] InnoDB: Could not find a valid tablespace file for ``assignment3`.`sold_by``. Please refer to https://mariadb.com/kb/en/innodb-data-dictionary-troubleshooting/ for how to resolve the issue.
2021-03-16 16:01:29 0 [Warning] InnoDB: Ignoring tablespace for `assignment3`.`sold_by` because it could not be opened.
2021-03-16 16:01:29 0 [ERROR] InnoDB: Operating system error number 3 in a file operation.
2021-03-16 16:01:29 0 [ERROR] InnoDB: The error means the system cannot find the path specified.
2021-03-16 16:01:29 0 [ERROR] InnoDB: If you are installing InnoDB, remember that you must create directories yourself, InnoDB does not create them.
2021-03-16 16:01:29 0 [ERROR] InnoDB: Cannot open datafile for read-only: '.\local_db\identity.ibd' OS error: 203
2021-03-16 16:01:29 0 [ERROR] InnoDB: Operating system error number 203 in a file operation.
2021-03-16 16:01:29 0 [Note] InnoDB: Some operating system error numbers are described at https://mariadb.com/kb/en/library/operating-system-error-codes/
2021-03-16 16:01:29 0 [ERROR] InnoDB: Could not find a valid tablespace file for ``local_db`.`identity``. Please refer to https://mariadb.com/kb/en/innodb-data-dictionary-troubleshooting/ for how to resolve the issue.
2021-03-16 16:01:29 0 [Warning] InnoDB: Ignoring tablespace for `local_db`.`identity` because it could not be opened.
2021-03-16 16:01:29 0 [ERROR] InnoDB: Operating system error number 3 in a file operation.
2021-03-16 16:01:29 0 [ERROR] InnoDB: The error means the system cannot find the path specified.
2021-03-16 16:01:29 0 [ERROR] InnoDB: If you are installing InnoDB, remember that you must create directories yourself, InnoDB does not create them.
2021-03-16 16:01:29 0 [ERROR] InnoDB: Cannot open datafile for read-only: '.\local_db\weighted.ibd' OS error: 203
2021-03-16 16:01:29 0 [ERROR] InnoDB: Operating system error number 203 in a file operation.
2021-03-16 16:01:29 0 [Note] InnoDB: Some operating system error numbers are described at https://mariadb.com/kb/en/library/operating-system-error-codes/
2021-03-16 16:01:29 0 [ERROR] InnoDB: Could not find a valid tablespace file for ``local_db`.`weighted``. Please refer to https://mariadb.com/kb/en/innodb-data-dictionary-troubleshooting/ for how to resolve the issue.
2021-03-16 16:01:29 0 [Warning] InnoDB: Ignoring tablespace for `local_db`.`weighted` because it could not be opened.
2021-03-16 16:01:29 0 [ERROR] InnoDB: Operating system error number 3 in a file operation.
2021-03-16 16:01:29 0 [ERROR] InnoDB: The error means the system cannot find the path specified.
2021-03-16 16:01:29 0 [ERROR] InnoDB: If you are installing InnoDB, remember that you must create directories yourself, InnoDB does not create them.
2021-03-16 16:01:29 0 [ERROR] InnoDB: Cannot open datafile for read-only: '.\mysql\gtid_slave_pos.ibd' OS error: 203
2021-03-16 16:01:29 0 [ERROR] InnoDB: Operating system error number 203 in a file operation.
2021-03-16 16:01:29 0 [Note] InnoDB: Some operating system error numbers are described at https://mariadb.com/kb/en/library/operating-system-error-codes/
2021-03-16 16:01:29 0 [ERROR] InnoDB: Could not find a valid tablespace file for ``mysql`.`gtid_slave_pos``. Please refer to https://mariadb.com/kb/en/innodb-data-dictionary-troubleshooting/ for how to resolve the issue.
2021-03-16 16:01:29 0 [Warning] InnoDB: Ignoring tablespace for `mysql`.`gtid_slave_pos` because it could not be opened.
2021-03-16 16:01:29 0 [ERROR] InnoDB: Operating system error number 3 in a file operation.
2021-03-16 16:01:29 0 [ERROR] InnoDB: The error means the system cannot find the path specified.
2021-03-16 16:01:29 0 [ERROR] InnoDB: If you are installing InnoDB, remember that you must create directories yourself, InnoDB does not create them.
2021-03-16 16:01:29 0 [ERROR] InnoDB: Cannot open datafile for read-only: '.\mysql\innodb_index_stats.ibd' OS error: 203
2021-03-16 16:01:29 0 [ERROR] InnoDB: Operating system error number 203 in a file operation.
2021-03-16 16:01:29 0 [Note] InnoDB: Some operating system error numbers are described at https://mariadb.com/kb/en/library/operating-system-error-codes/
2021-03-16 16:01:29 0 [ERROR] InnoDB: Could not find a valid tablespace file for ``mysql`.`innodb_index_stats``. Please refer to https://mariadb.com/kb/en/innodb-data-dictionary-troubleshooting/ for how to resolve the issue.
2021-03-16 16:01:29 0 [Warning] InnoDB: Ignoring tablespace for `mysql`.`innodb_index_stats` because it could not be opened.
2021-03-16 16:01:29 0 [ERROR] InnoDB: Operating system error number 3 in a file operation.
2021-03-16 16:01:29 0 [ERROR] InnoDB: The error means the system cannot find the path specified.
2021-03-16 16:01:29 0 [ERROR] InnoDB: If you are installing InnoDB, remember that you must create directories yourself, InnoDB does not create them.
2021-03-16 16:01:29 0 [ERROR] InnoDB: Cannot open datafile for read-only: '.\mysql\innodb_table_stats.ibd' OS error: 203
2021-03-16 16:01:29 0 [ERROR] InnoDB: Operating system error number 203 in a file operation.
2021-03-16 16:01:29 0 [Note] InnoDB: Some operating system error numbers are described at https://mariadb.com/kb/en/library/operating-system-error-codes/
2021-03-16 16:01:29 0 [ERROR] InnoDB: Could not find a valid tablespace file for ``mysql`.`innodb_table_stats``. Please refer to https://mariadb.com/kb/en/innodb-data-dictionary-troubleshooting/ for how to resolve the issue.
2021-03-16 16:01:29 0 [Warning] InnoDB: Ignoring tablespace for `mysql`.`innodb_table_stats` because it could not be opened.
2021-03-16 16:01:29 0 [ERROR] InnoDB: Operating system error number 3 in a file operation.
2021-03-16 16:01:29 0 [ERROR] InnoDB: The error means the system cannot find the path specified.
2021-03-16 16:01:29 0 [ERROR] InnoDB: If you are installing InnoDB, remember that you must create directories yourself, InnoDB does not create them.
2021-03-16 16:01:29 0 [ERROR] InnoDB: Cannot open datafile for read-only: '.\mysql\transaction_registry.ibd' OS error: 203
2021-03-16 16:01:29 0 [ERROR] InnoDB: Operating system error number 203 in a file operation.
2021-03-16 16:01:29 0 [Note] InnoDB: Some operating system error numbers are described at https://mariadb.com/kb/en/library/operating-system-error-codes/
2021-03-16 16:01:29 0 [ERROR] InnoDB: Could not find a valid tablespace file for ``mysql`.`transaction_registry``. Please refer to https://mariadb.com/kb/en/innodb-data-dictionary-troubleshooting/ for how to resolve the issue.
2021-03-16 16:01:29 0 [Warning] InnoDB: Ignoring tablespace for `mysql`.`transaction_registry` because it could not be opened.
2021-03-16 16:01:29 0 [ERROR] InnoDB: Operating system error number 3 in a file operation.
2021-03-16 16:01:29 0 [ERROR] InnoDB: The error means the system cannot find the path specified.
2021-03-16 16:01:29 0 [ERROR] InnoDB: If you are installing InnoDB, remember that you must create directories yourself, InnoDB does not create them.
2021-03-16 16:01:29 0 [ERROR] InnoDB: Cannot open datafile for read-only: '.\phpmyadmin\pma__bookmark.ibd' OS error: 203
2021-03-16 16:01:29 0 [ERROR] InnoDB: Operating system error number 203 in a file operation.
2021-03-16 16:01:29 0 [Note] InnoDB: Some operating system error numbers are described at https://mariadb.com/kb/en/library/operating-system-error-codes/
2021-03-16 16:01:29 0 [ERROR] InnoDB: Could not find a valid tablespace file for ``phpmyadmin`.`pma__bookmark``. Please refer to https://mariadb.com/kb/en/innodb-data-dictionary-troubleshooting/ for how to resolve the issue.
2021-03-16 16:01:29 0 [Warning] InnoDB: Ignoring tablespace for `phpmyadmin`.`pma__bookmark` because it could not be opened.
2021-03-16 16:01:29 0 [ERROR] InnoDB: Operating system error number 3 in a file operation.
2021-03-16 16:01:29 0 [ERROR] InnoDB: The error means the system cannot find the path specified.
2021-03-16 16:01:29 0 [ERROR] InnoDB: If you are installing InnoDB, remember that you must create directories yourself, InnoDB does not create them.
2021-03-16 16:01:29 0 [ERROR] InnoDB: Cannot open datafile for read-only: '.\phpmyadmin\pma__central_columns.ibd' OS error: 203
2021-03-16 16:01:29 0 [ERROR] InnoDB: Operating system error number 203 in a file operation.
2021-03-16 16:01:29 0 [Note] InnoDB: Some operating system error numbers are described at https://mariadb.com/kb/en/library/operating-system-error-codes/
2021-03-16 16:01:29 0 [ERROR] InnoDB: Could not find a valid tablespace file for ``phpmyadmin`.`pma__central_columns``. Please refer to https://mariadb.com/kb/en/innodb-data-dictionary-troubleshooting/ for how to resolve the issue.
2021-03-16 16:01:29 0 [Warning] InnoDB: Ignoring tablespace for `phpmyadmin`.`pma__central_columns` because it could not be opened.
2021-03-16 16:01:29 0 [ERROR] InnoDB: Operating system error number 3 in a file operation.
2021-03-16 16:01:29 0 [ERROR] InnoDB: The error means the system cannot find the path specified.
2021-03-16 16:01:29 0 [ERROR] InnoDB: If you are installing InnoDB, remember that you must create directories yourself, InnoDB does not create them.
2021-03-16 16:01:29 0 [ERROR] InnoDB: Cannot open datafile for read-only: '.\phpmyadmin\pma__column_info.ibd' OS error: 203
2021-03-16 16:01:29 0 [ERROR] InnoDB: Operating system error number 203 in a file operation.
2021-03-16 16:01:29 0 [Note] InnoDB: Some operating system error numbers are described at https://mariadb.com/kb/en/library/operating-system-error-codes/
2021-03-16 16:01:29 0 [ERROR] InnoDB: Could not find a valid tablespace file for ``phpmyadmin`.`pma__column_info``. Please refer to https://mariadb.com/kb/en/innodb-data-dictionary-troubleshooting/ for how to resolve the issue.
2021-03-16 16:01:29 0 [Warning] InnoDB: Ignoring tablespace for `phpmyadmin`.`pma__column_info` because it could not be opened.
2021-03-16 16:01:29 0 [ERROR] InnoDB: Operating system error number 3 in a file operation.
2021-03-16 16:01:29 0 [ERROR] InnoDB: The error means the system cannot find the path specified.
2021-03-16 16:01:29 0 [ERROR] InnoDB: If you are installing InnoDB, remember that you must create directories yourself, InnoDB does not create them.
2021-03-16 16:01:29 0 [ERROR] InnoDB: Cannot open datafile for read-only: '.\phpmyadmin\pma__designer_settings.ibd' OS error: 203
2021-03-16 16:01:29 0 [ERROR] InnoDB: Operating system error number 203 in a file operation.
2021-03-16 16:01:29 0 [Note] InnoDB: Some operating system error numbers are described at https://mariadb.com/kb/en/library/operating-system-error-codes/
2021-03-16 16:01:29 0 [ERROR] InnoDB: Could not find a valid tablespace file for ``phpmyadmin`.`pma__designer_settings``. Please refer to https://mariadb.com/kb/en/innodb-data-dictionary-troubleshooting/ for how to resolve the issue.
2021-03-16 16:01:29 0 [Warning] InnoDB: Ignoring tablespace for `phpmyadmin`.`pma__designer_settings` because it could not be opened.
2021-03-16 16:01:29 0 [ERROR] InnoDB: Operating system error number 3 in a file operation.
2021-03-16 16:01:29 0 [ERROR] InnoDB: The error means the system cannot find the path specified.
2021-03-16 16:01:29 0 [ERROR] InnoDB: If you are installing InnoDB, remember that you must create directories yourself, InnoDB does not create them.
2021-03-16 16:01:29 0 [ERROR] InnoDB: Cannot open datafile for read-only: '.\phpmyadmin\pma__export_templates.ibd' OS error: 203
2021-03-16 16:01:29 0 [ERROR] InnoDB: Operating system error number 203 in a file operation.
2021-03-16 16:01:29 0 [Note] InnoDB: Some operating system error numbers are described at https://mariadb.com/kb/en/library/operating-system-error-codes/
2021-03-16 16:01:29 0 [ERROR] InnoDB: Could not find a valid tablespace file for ``phpmyadmin`.`pma__export_templates``. Please refer to https://mariadb.com/kb/en/innodb-data-dictionary-troubleshooting/ for how to resolve the issue.
2021-03-16 16:01:29 0 [Warning] InnoDB: Ignoring tablespace for `phpmyadmin`.`pma__export_templates` because it could not be opened.
2021-03-16 16:01:29 0 [ERROR] InnoDB: Operating system error number 3 in a file operation.
2021-03-16 16:01:29 0 [ERROR] InnoDB: The error means the system cannot find the path specified.
2021-03-16 16:01:29 0 [ERROR] InnoDB: If you are installing InnoDB, remember that you must create directories yourself, InnoDB does not create them.
2021-03-16 16:01:29 0 [ERROR] InnoDB: Cannot open datafile for read-only: '.\phpmyadmin\pma__favorite.ibd' OS error: 203
2021-03-16 16:01:29 0 [ERROR] InnoDB: Operating system error number 203 in a file operation.
2021-03-16 16:01:29 0 [Note] InnoDB: Some operating system error numbers are described at https://mariadb.com/kb/en/library/operating-system-error-codes/
2021-03-16 16:01:29 0 [ERROR] InnoDB: Could not find a valid tablespace file for ``phpmyadmin`.`pma__favorite``. Please refer to https://mariadb.com/kb/en/innodb-data-dictionary-troubleshooting/ for how to resolve the issue.
2021-03-16 16:01:29 0 [Warning] InnoDB: Ignoring tablespace for `phpmyadmin`.`pma__favorite` because it could not be opened.
2021-03-16 16:01:29 0 [ERROR] InnoDB: Operating system error number 3 in a file operation.
2021-03-16 16:01:29 0 [ERROR] InnoDB: The error means the system cannot find the path specified.
2021-03-16 16:01:29 0 [ERROR] InnoDB: If you are installing InnoDB, remember that you must create directories yourself, InnoDB does not create them.
2021-03-16 16:01:29 0 [ERROR] InnoDB: Cannot open datafile for read-only: '.\phpmyadmin\pma__history.ibd' OS error: 203
2021-03-16 16:01:29 0 [ERROR] InnoDB: Operating system error number 203 in a file operation.
2021-03-16 16:01:29 0 [Note] InnoDB: Some operating system error numbers are described at https://mariadb.com/kb/en/library/operating-system-error-codes/
2021-03-16 16:01:29 0 [ERROR] InnoDB: Could not find a valid tablespace file for ``phpmyadmin`.`pma__history``. Please refer to https://mariadb.com/kb/en/innodb-data-dictionary-troubleshooting/ for how to resolve the issue.
2021-03-16 16:01:29 0 [Warning] InnoDB: Ignoring tablespace for `phpmyadmin`.`pma__history` because it could not be opened.
2021-03-16 16:01:29 0 [ERROR] InnoDB: Operating system error number 3 in a file operation.
2021-03-16 16:01:29 0 [ERROR] InnoDB: The error means the system cannot find the path specified.
2021-03-16 16:01:29 0 [ERROR] InnoDB: If you are installing InnoDB, remember that you must create directories yourself, InnoDB does not create them.
2021-03-16 16:01:29 0 [ERROR] InnoDB: Cannot open datafile for read-only: '.\phpmyadmin\pma__navigationhiding.ibd' OS error: 203
2021-03-16 16:01:29 0 [ERROR] InnoDB: Operating system error number 203 in a file operation.
2021-03-16 16:01:29 0 [Note] InnoDB: Some operating system error numbers are described at https://mariadb.com/kb/en/library/operating-system-error-codes/
2021-03-16 16:01:29 0 [ERROR] InnoDB: Could not find a valid tablespace file for ``phpmyadmin`.`pma__navigationhiding``. Please refer to https://mariadb.com/kb/en/innodb-data-dictionary-troubleshooting/ for how to resolve the issue.
2021-03-16 16:01:29 0 [Warning] InnoDB: Ignoring tablespace for `phpmyadmin`.`pma__navigationhiding` because it could not be opened.
2021-03-16 16:01:29 0 [ERROR] InnoDB: Operating system error number 3 in a file operation.
2021-03-16 16:01:29 0 [ERROR] InnoDB: The error means the system cannot find the path specified.
2021-03-16 16:01:29 0 [ERROR] InnoDB: If you are installing InnoDB, remember that you must create directories yourself, InnoDB does not create them.
2021-03-16 16:01:29 0 [ERROR] InnoDB: Cannot open datafile for read-only: '.\phpmyadmin\pma__pdf_pages.ibd' OS error: 203
2021-03-16 16:01:29 0 [ERROR] InnoDB: Operating system error number 203 in a file operation.
2021-03-16 16:01:29 0 [Note] InnoDB: Some operating system error numbers are described at https://mariadb.com/kb/en/library/operating-system-error-codes/
2021-03-16 16:01:29 0 [ERROR] InnoDB: Could not find a valid tablespace file for ``phpmyadmin`.`pma__pdf_pages``. Please refer to https://mariadb.com/kb/en/innodb-data-dictionary-troubleshooting/ for how to resolve the issue.
2021-03-16 16:01:29 0 [Warning] InnoDB: Ignoring tablespace for `phpmyadmin`.`pma__pdf_pages` because it could not be opened.
2021-03-16 16:01:29 0 [ERROR] InnoDB: Operating system error number 3 in a file operation.
2021-03-16 16:01:29 0 [ERROR] InnoDB: The error means the system cannot find the path specified.
2021-03-16 16:01:29 0 [ERROR] InnoDB: If you are installing InnoDB, remember that you must create directories yourself, InnoDB does not create them.
2021-03-16 16:01:29 0 [ERROR] InnoDB: Cannot open datafile for read-only: '.\phpmyadmin\pma__recent.ibd' OS error: 203
2021-03-16 16:01:29 0 [ERROR] InnoDB: Operating system error number 203 in a file operation.
2021-03-16 16:01:29 0 [Note] InnoDB: Some operating system error numbers are described at https://mariadb.com/kb/en/library/operating-system-error-codes/
2021-03-16 16:01:29 0 [ERROR] InnoDB: Could not find a valid tablespace file for ``phpmyadmin`.`pma__recent``. Please refer to https://mariadb.com/kb/en/innodb-data-dictionary-troubleshooting/ for how to resolve the issue.
2021-03-16 16:01:29 0 [Warning] InnoDB: Ignoring tablespace for `phpmyadmin`.`pma__recent` because it could not be opened.
2021-03-16 16:01:29 0 [ERROR] InnoDB: Operating system error number 3 in a file operation.
2021-03-16 16:01:29 0 [ERROR] InnoDB: The error means the system cannot find the path specified.
2021-03-16 16:01:29 0 [ERROR] InnoDB: If you are installing InnoDB, remember that you must create directories yourself, InnoDB does not create them.
2021-03-16 16:01:29 0 [ERROR] InnoDB: Cannot open datafile for read-only: '.\phpmyadmin\pma__relation.ibd' OS error: 203
2021-03-16 16:01:29 0 [ERROR] InnoDB: Operating system error number 203 in a file operation.
2021-03-16 16:01:29 0 [Note] InnoDB: Some operating system error numbers are described at https://mariadb.com/kb/en/library/operating-system-error-codes/
2021-03-16 16:01:29 0 [ERROR] InnoDB: Could not find a valid tablespace file for ``phpmyadmin`.`pma__relation``. Please refer to https://mariadb.com/kb/en/innodb-data-dictionary-troubleshooting/ for how to resolve the issue.
2021-03-16 16:01:29 0 [Warning] InnoDB: Ignoring tablespace for `phpmyadmin`.`pma__relation` because it could not be opened.
2021-03-16 16:01:29 0 [ERROR] InnoDB: Operating system error number 3 in a file operation.
2021-03-16 16:01:29 0 [ERROR] InnoDB: The error means the system cannot find the path specified.
2021-03-16 16:01:29 0 [ERROR] InnoDB: If you are installing InnoDB, remember that you must create directories yourself, InnoDB does not create them.
2021-03-16 16:01:29 0 [ERROR] InnoDB: Cannot open datafile for read-only: '.\phpmyadmin\pma__savedsearches.ibd' OS error: 203
2021-03-16 16:01:29 0 [ERROR] InnoDB: Operating system error number 203 in a file operation.
2021-03-16 16:01:29 0 [Note] InnoDB: Some operating system error numbers are described at https://mariadb.com/kb/en/library/operating-system-error-codes/
2021-03-16 16:01:29 0 [ERROR] InnoDB: Could not find a valid tablespace file for ``phpmyadmin`.`pma__savedsearches``. Please refer to https://mariadb.com/kb/en/innodb-data-dictionary-troubleshooting/ for how to resolve the issue.
2021-03-16 16:01:29 0 [Warning] InnoDB: Ignoring tablespace for `phpmyadmin`.`pma__savedsearches` because it could not be opened.
2021-03-16 16:01:29 0 [ERROR] InnoDB: Operating system error number 3 in a file operation.
2021-03-16 16:01:29 0 [ERROR] InnoDB: The error means the system cannot find the path specified.
2021-03-16 16:01:29 0 [ERROR] InnoDB: If you are installing InnoDB, remember that you must create directories yourself, InnoDB does not create them.
2021-03-16 16:01:29 0 [ERROR] InnoDB: Cannot open datafile for read-only: '.\phpmyadmin\pma__table_coords.ibd' OS error: 203
2021-03-16 16:01:29 0 [ERROR] InnoDB: Operating system error number 203 in a file operation.
2021-03-16 16:01:29 0 [Note] InnoDB: Some operating system error numbers are described at https://mariadb.com/kb/en/library/operating-system-error-codes/
2021-03-16 16:01:29 0 [ERROR] InnoDB: Could not find a valid tablespace file for ``phpmyadmin`.`pma__table_coords``. Please refer to https://mariadb.com/kb/en/innodb-data-dictionary-troubleshooting/ for how to resolve the issue.
2021-03-16 16:01:29 0 [Warning] InnoDB: Ignoring tablespace for `phpmyadmin`.`pma__table_coords` because it could not be opened.
2021-03-16 16:01:29 0 [ERROR] InnoDB: Operating system error number 3 in a file operation.
2021-03-16 16:01:29 0 [ERROR] InnoDB: The error means the system cannot find the path specified.
2021-03-16 16:01:29 0 [ERROR] InnoDB: If you are installing InnoDB, remember that you must create directories yourself, InnoDB does not create them.
2021-03-16 16:01:29 0 [ERROR] InnoDB: Cannot open datafile for read-only: '.\phpmyadmin\pma__table_info.ibd' OS error: 203
2021-03-16 16:01:29 0 [ERROR] InnoDB: Operating system error number 203 in a file operation.
2021-03-16 16:01:29 0 [Note] InnoDB: Some operating system error numbers are described at https://mariadb.com/kb/en/library/operating-system-error-codes/
2021-03-16 16:01:29 0 [ERROR] InnoDB: Could not find a valid tablespace file for ``phpmyadmin`.`pma__table_info``. Please refer to https://mariadb.com/kb/en/innodb-data-dictionary-troubleshooting/ for how to resolve the issue.
2021-03-16 16:01:29 0 [Warning] InnoDB: Ignoring tablespace for `phpmyadmin`.`pma__table_info` because it could not be opened.
2021-03-16 16:01:29 0 [ERROR] InnoDB: Operating system error number 3 in a file operation.
2021-03-16 16:01:29 0 [ERROR] InnoDB: The error means the system cannot find the path specified.
2021-03-16 16:01:29 0 [ERROR] InnoDB: If you are installing InnoDB, remember that you must create directories yourself, InnoDB does not create them.
2021-03-16 16:01:29 0 [ERROR] InnoDB: Cannot open datafile for read-only: '.\phpmyadmin\pma__table_uiprefs.ibd' OS error: 203
2021-03-16 16:01:29 0 [ERROR] InnoDB: Operating system error number 203 in a file operation.
2021-03-16 16:01:29 0 [Note] InnoDB: Some operating system error numbers are described at https://mariadb.com/kb/en/library/operating-system-error-codes/
2021-03-16 16:01:29 0 [ERROR] InnoDB: Could not find a valid tablespace file for ``phpmyadmin`.`pma__table_uiprefs``. Please refer to https://mariadb.com/kb/en/innodb-data-dictionary-troubleshooting/ for how to resolve the issue.
2021-03-16 16:01:29 0 [Warning] InnoDB: Ignoring tablespace for `phpmyadmin`.`pma__table_uiprefs` because it could not be opened.
2021-03-16 16:01:29 0 [ERROR] InnoDB: Operating system error number 3 in a file operation.
2021-03-16 16:01:29 0 [ERROR] InnoDB: The error means the system cannot find the path specified.
2021-03-16 16:01:29 0 [ERROR] InnoDB: If you are installing InnoDB, remember that you must create directories yourself, InnoDB does not create them.
2021-03-16 16:01:29 0 [ERROR] InnoDB: Cannot open datafile for read-only: '.\phpmyadmin\pma__tracking.ibd' OS error: 203
2021-03-16 16:01:29 0 [ERROR] InnoDB: Operating system error number 203 in a file operation.
2021-03-16 16:01:29 0 [Note] InnoDB: Some operating system error numbers are described at https://mariadb.com/kb/en/library/operating-system-error-codes/
2021-03-16 16:01:29 0 [ERROR] InnoDB: Could not find a valid tablespace file for ``phpmyadmin`.`pma__tracking``. Please refer to https://mariadb.com/kb/en/innodb-data-dictionary-troubleshooting/ for how to resolve the issue.
2021-03-16 16:01:29 0 [Warning] InnoDB: Ignoring tablespace for `phpmyadmin`.`pma__tracking` because it could not be opened.
2021-03-16 16:01:29 0 [ERROR] InnoDB: Operating system error number 3 in a file operation.
2021-03-16 16:01:29 0 [ERROR] InnoDB: The error means the system cannot find the path specified.
2021-03-16 16:01:29 0 [ERROR] InnoDB: If you are installing InnoDB, remember that you must create directories yourself, InnoDB does not create them.
2021-03-16 16:01:29 0 [ERROR] InnoDB: Cannot open datafile for read-only: '.\phpmyadmin\pma__userconfig.ibd' OS error: 203
2021-03-16 16:01:29 0 [ERROR] InnoDB: Operating system error number 203 in a file operation.
2021-03-16 16:01:29 0 [Note] InnoDB: Some operating system error numbers are described at https://mariadb.com/kb/en/library/operating-system-error-codes/
2021-03-16 16:01:29 0 [ERROR] InnoDB: Could not find a valid tablespace file for ``phpmyadmin`.`pma__userconfig``. Please refer to https://mariadb.com/kb/en/innodb-data-dictionary-troubleshooting/ for how to resolve the issue.
2021-03-16 16:01:29 0 [Warning] InnoDB: Ignoring tablespace for `phpmyadmin`.`pma__userconfig` because it could not be opened.
2021-03-16 16:01:29 0 [ERROR] InnoDB: Operating system error number 3 in a file operation.
2021-03-16 16:01:29 0 [ERROR] InnoDB: The error means the system cannot find the path specified.
2021-03-16 16:01:29 0 [ERROR] InnoDB: If you are installing InnoDB, remember that you must create directories yourself, InnoDB does not create them.
2021-03-16 16:01:29 0 [ERROR] InnoDB: Cannot open datafile for read-only: '.\phpmyadmin\pma__usergroups.ibd' OS error: 203
2021-03-16 16:01:29 0 [ERROR] InnoDB: Operating system error number 203 in a file operation.
2021-03-16 16:01:29 0 [Note] InnoDB: Some operating system error numbers are described at https://mariadb.com/kb/en/library/operating-system-error-codes/
2021-03-16 16:01:29 0 [ERROR] InnoDB: Could not find a valid tablespace file for ``phpmyadmin`.`pma__usergroups``. Please refer to https://mariadb.com/kb/en/innodb-data-dictionary-troubleshooting/ for how to resolve the issue.
2021-03-16 16:01:29 0 [Warning] InnoDB: Ignoring tablespace for `phpmyadmin`.`pma__usergroups` because it could not be opened.
2021-03-16 16:01:29 0 [ERROR] InnoDB: Operating system error number 3 in a file operation.
2021-03-16 16:01:29 0 [ERROR] InnoDB: The error means the system cannot find the path specified.
2021-03-16 16:01:29 0 [ERROR] InnoDB: If you are installing InnoDB, remember that you must create directories yourself, InnoDB does not create them.
2021-03-16 16:01:29 0 [ERROR] InnoDB: Cannot open datafile for read-only: '.\phpmyadmin\pma__users.ibd' OS error: 203
2021-03-16 16:01:29 0 [ERROR] InnoDB: Operating system error number 203 in a file operation.
2021-03-16 16:01:29 0 [Note] InnoDB: Some operating system error numbers are described at https://mariadb.com/kb/en/library/operating-system-error-codes/
2021-03-16 16:01:29 0 [ERROR] InnoDB: Could not find a valid tablespace file for ``phpmyadmin`.`pma__users``. Please refer to https://mariadb.com/kb/en/innodb-data-dictionary-troubleshooting/ for how to resolve the issue.
2021-03-16 16:01:29 0 [Warning] InnoDB: Ignoring tablespace for `phpmyadmin`.`pma__users` because it could not be opened.
2021-03-16 16:01:29 0 [Note] InnoDB: 128 out of 128 rollback segments are active.
2021-03-16 16:01:29 0 [Note] InnoDB: Removed temporary tablespace data file: "ibtmp1"
2021-03-16 16:01:29 0 [Note] InnoDB: Creating shared tablespace for temporary tables
2021-03-16 16:01:29 0 [Note] InnoDB: Setting file 'C:\xampp\mysql\data\ibtmp1' size to 12 MB. Physically writing the file full; Please wait ...
2021-03-16 16:01:29 0 [Note] InnoDB: File 'C:\xampp\mysql\data\ibtmp1' size is now 12 MB.
2021-03-16 16:01:29 0 [Note] InnoDB: Waiting for purge to start
2021-03-16 16:01:29 1 [ERROR] InnoDB: Failed to find tablespace for table `phpmyadmin`.`pma__userconfig` in the cache. Attempting to load the tablespace with space id 16
2021-03-16 16:01:29 1 [ERROR] InnoDB: Operating system error number 3 in a file operation.
2021-03-16 16:01:29 1 [ERROR] InnoDB: The error means the system cannot find the path specified.
2021-03-16 16:01:29 1 [ERROR] InnoDB: If you are installing InnoDB, remember that you must create directories yourself, InnoDB does not create them.
2021-03-16 16:01:29 1 [ERROR] InnoDB: Cannot open datafile for read-only: '.\phpmyadmin\pma__userconfig.ibd' OS error: 203
2021-03-16 16:01:29 1 [ERROR] InnoDB: Operating system error number 203 in a file operation.
2021-03-16 16:01:29 1 [Note] InnoDB: Some operating system error numbers are described at https://mariadb.com/kb/en/library/operating-system-error-codes/
2021-03-16 16:01:29 1 [ERROR] InnoDB: Could not find a valid tablespace file for ``phpmyadmin`.`pma__userconfig``. Please refer to https://mariadb.com/kb/en/innodb-data-dictionary-troubleshooting/ for how to resolve the issue.
2021-03-16 16:01:29 1 [ERROR] InnoDB: Failed to find tablespace for table `mysql`.`innodb_index_stats` in the cache. Attempting to load the tablespace with space id 2
2021-03-16 16:01:29 1 [ERROR] InnoDB: Operating system error number 3 in a file operation.
2021-03-16 16:01:29 1 [ERROR] InnoDB: The error means the system cannot find the path specified.
2021-03-16 16:01:29 1 [ERROR] InnoDB: If you are installing InnoDB, remember that you must create directories yourself, InnoDB does not create them.
2021-03-16 16:01:29 1 [ERROR] InnoDB: Cannot open datafile for read-only: '.\mysql\innodb_index_stats.ibd' OS error: 203
2021-03-16 16:01:29 1 [ERROR] InnoDB: Operating system error number 203 in a file operation.
2021-03-16 16:01:29 1 [Note] InnoDB: Some operating system error numbers are described at https://mariadb.com/kb/en/library/operating-system-error-codes/
2021-03-16 16:01:29 1 [ERROR] InnoDB: Could not find a valid tablespace file for ``mysql`.`innodb_index_stats``. Please refer to https://mariadb.com/kb/en/innodb-data-dictionary-troubleshooting/ for how to resolve the issue.
2021-03-16 16:01:29 1 [ERROR] InnoDB: Failed to find tablespace for table `mysql`.`innodb_table_stats` in the cache. Attempting to load the tablespace with space id 1
2021-03-16 16:01:29 1 [ERROR] InnoDB: Operating system error number 3 in a file operation.
2021-03-16 16:01:29 1 [ERROR] InnoDB: The error means the system cannot find the path specified.
2021-03-16 16:01:29 1 [ERROR] InnoDB: If you are installing InnoDB, remember that you must create directories yourself, InnoDB does not create them.
2021-03-16 16:01:29 1 [ERROR] InnoDB: Cannot open datafile for read-only: '.\mysql\innodb_table_stats.ibd' OS error: 203
2021-03-16 16:01:29 1 [ERROR] InnoDB: Operating system error number 203 in a file operation.
2021-03-16 16:01:29 1 [Note] InnoDB: Some operating system error numbers are described at https://mariadb.com/kb/en/library/operating-system-error-codes/
2021-03-16 16:01:29 1 [ERROR] InnoDB: Could not find a valid tablespace file for ``mysql`.`innodb_table_stats``. Please refer to https://mariadb.com/kb/en/innodb-data-dictionary-troubleshooting/ for how to resolve the issue.
2021-03-16 16:01:29 0 [Note] InnoDB: 10.4.17 started; log sequence number 2074454; transaction id 2757
2021-03-16 16:01:29 0 [Note] InnoDB: Loading buffer pool(s) from C:\xampp\mysql\data\ib_buffer_pool
2021-03-16 16:01:29 0 [Note] Plugin 'FEEDBACK' is disabled.
2021-03-16 16:01:29 0 [ERROR] Could not open mysql.plugin table. Some plugins may be not loaded
2021-03-16 16:01:29 0 [Note] InnoDB: Buffer pool(s) load completed at 210316 16:01:29
2021-03-16 16:01:29 0 [ERROR] Can't open and lock privilege tables: Table 'mysql.servers' doesn't exist
2021-03-16 16:01:29 0 [Note] Server socket created on IP: '::'.
InnoDB: using atomic writes.
2021-03-16 16:02:11 0 [Note] InnoDB: Mutexes and rw_locks use Windows interlocked functions
2021-03-16 16:02:11 0 [Note] InnoDB: Uses event mutexes
2021-03-16 16:02:11 0 [Note] InnoDB: Compressed tables use zlib 1.2.11
2021-03-16 16:02:11 0 [Note] InnoDB: Number of pools: 1
2021-03-16 16:02:11 0 [Note] InnoDB: Using SSE2 crc32 instructions
2021-03-16 16:02:11 0 [Note] InnoDB: Initializing buffer pool, total size = 16M, instances = 1, chunk size = 16M
2021-03-16 16:02:11 0 [Note] InnoDB: Completed initialization of buffer pool
2021-03-16 16:02:12 0 [ERROR] InnoDB: Operating system error number 3 in a file operation.
2021-03-16 16:02:12 0 [ERROR] InnoDB: The error means the system cannot find the path specified.
2021-03-16 16:02:12 0 [ERROR] InnoDB: If you are installing InnoDB, remember that you must create directories yourself, InnoDB does not create them.
2021-03-16 16:02:12 0 [ERROR] InnoDB: Cannot open datafile for read-only: '.\assignment3\contracts.ibd' OS error: 203
2021-03-16 16:02:12 0 [ERROR] InnoDB: Operating system error number 203 in a file operation.
2021-03-16 16:02:12 0 [Note] InnoDB: Some operating system error numbers are described at https://mariadb.com/kb/en/library/operating-system-error-codes/
2021-03-16 16:02:12 0 [ERROR] InnoDB: Could not find a valid tablespace file for ``assignment3`.`contracts``. Please refer to https://mariadb.com/kb/en/innodb-data-dictionary-troubleshooting/ for how to resolve the issue.
2021-03-16 16:02:12 0 [Warning] InnoDB: Ignoring tablespace for `assignment3`.`contracts` because it could not be opened.
2021-03-16 16:02:12 0 [ERROR] InnoDB: Operating system error number 3 in a file operation.
2021-03-16 16:02:12 0 [ERROR] InnoDB: The error means the system cannot find the path specified.
2021-03-16 16:02:12 0 [ERROR] InnoDB: If you are installing InnoDB, remember that you must create directories yourself, InnoDB does not create them.
2021-03-16 16:02:12 0 [ERROR] InnoDB: Cannot open datafile for read-only: '.\assignment3\drug.ibd' OS error: 203
2021-03-16 16:02:12 0 [ERROR] InnoDB: Operating system error number 203 in a file operation.
2021-03-16 16:02:12 0 [Note] InnoDB: Some operating system error numbers are described at https://mariadb.com/kb/en/library/operating-system-error-codes/
2021-03-16 16:02:12 0 [ERROR] InnoDB: Could not find a valid tablespace file for ``assignment3`.`drug``. Please refer to https://mariadb.com/kb/en/innodb-data-dictionary-troubleshooting/ for how to resolve the issue.
2021-03-16 16:02:12 0 [Warning] InnoDB: Ignoring tablespace for `assignment3`.`drug` because it could not be opened.
2021-03-16 16:02:12 0 [ERROR] InnoDB: Operating system error number 3 in a file operation.
2021-03-16 16:02:12 0 [ERROR] InnoDB: The error means the system cannot find the path specified.
2021-03-16 16:02:12 0 [ERROR] InnoDB: If you are installing InnoDB, remember that you must create directories yourself, InnoDB does not create them.
2021-03-16 16:02:12 0 [ERROR] InnoDB: Cannot open datafile for read-only: '.\assignment3\pharmacy.ibd' OS error: 203
2021-03-16 16:02:12 0 [ERROR] InnoDB: Operating system error number 203 in a file operation.
2021-03-16 16:02:12 0 [Note] InnoDB: Some operating system error numbers are described at https://mariadb.com/kb/en/library/operating-system-error-codes/
2021-03-16 16:02:12 0 [ERROR] InnoDB: Could not find a valid tablespace file for ``assignment3`.`pharmacy``. Please refer to https://mariadb.com/kb/en/innodb-data-dictionary-troubleshooting/ for how to resolve the issue.
2021-03-16 16:02:12 0 [Warning] InnoDB: Ignoring tablespace for `assignment3`.`pharmacy` because it could not be opened.
2021-03-16 16:02:12 0 [ERROR] InnoDB: Operating system error number 3 in a file operation.
2021-03-16 16:02:12 0 [ERROR] InnoDB: The error means the system cannot find the path specified.
2021-03-16 16:02:12 0 [ERROR] InnoDB: If you are installing InnoDB, remember that you must create directories yourself, InnoDB does not create them.
2021-03-16 16:02:12 0 [ERROR] InnoDB: Cannot open datafile for read-only: '.\assignment3\pharmacy_company.ibd' OS error: 203
2021-03-16 16:02:12 0 [ERROR] InnoDB: Operating system error number 203 in a file operation.
2021-03-16 16:02:12 0 [Note] InnoDB: Some operating system error numbers are described at https://mariadb.com/kb/en/library/operating-system-error-codes/
2021-03-16 16:02:12 0 [ERROR] InnoDB: Could not find a valid tablespace file for ``assignment3`.`pharmacy_company``. Please refer to https://mariadb.com/kb/en/innodb-data-dictionary-troubleshooting/ for how to resolve the issue.
2021-03-16 16:02:12 0 [Warning] InnoDB: Ignoring tablespace for `assignment3`.`pharmacy_company` because it could not be opened.
2021-03-16 16:02:12 0 [ERROR] InnoDB: Operating system error number 3 in a file operation.
2021-03-16 16:02:12 0 [ERROR] InnoDB: The error means the system cannot find the path specified.
2021-03-16 16:02:12 0 [ERROR] InnoDB: If you are installing InnoDB, remember that you must create directories yourself, InnoDB does not create them.
2021-03-16 16:02:12 0 [ERROR] InnoDB: Cannot open datafile for read-only: '.\assignment3\sells.ibd' OS error: 203
2021-03-16 16:02:12 0 [ERROR] InnoDB: Operating system error number 203 in a file operation.
2021-03-16 16:02:12 0 [Note] InnoDB: Some operating system error numbers are described at https://mariadb.com/kb/en/library/operating-system-error-codes/
2021-03-16 16:02:12 0 [ERROR] InnoDB: Could not find a valid tablespace file for ``assignment3`.`sells``. Please refer to https://mariadb.com/kb/en/innodb-data-dictionary-troubleshooting/ for how to resolve the issue.
2021-03-16 16:02:12 0 [Warning] InnoDB: Ignoring tablespace for `assignment3`.`sells` because it could not be opened.
2021-03-16 16:02:12 0 [ERROR] InnoDB: Operating system error number 3 in a file operation.
2021-03-16 16:02:12 0 [ERROR] InnoDB: The error means the system cannot find the path specified.
2021-03-16 16:02:12 0 [ERROR] InnoDB: If you are installing InnoDB, remember that you must create directories yourself, InnoDB does not create them.
2021-03-16 16:02:12 0 [ERROR] InnoDB: Cannot open datafile for read-only: '.\assignment3\sold_by.ibd' OS error: 203
2021-03-16 16:02:12 0 [ERROR] InnoDB: Operating system error number 203 in a file operation.
2021-03-16 16:02:12 0 [Note] InnoDB: Some operating system error numbers are described at https://mariadb.com/kb/en/library/operating-system-error-codes/
2021-03-16 16:02:12 0 [ERROR] InnoDB: Could not find a valid tablespace file for ``assignment3`.`sold_by``. Please refer to https://mariadb.com/kb/en/innodb-data-dictionary-troubleshooting/ for how to resolve the issue.
2021-03-16 16:02:12 0 [Warning] InnoDB: Ignoring tablespace for `assignment3`.`sold_by` because it could not be opened.
2021-03-16 16:02:12 0 [ERROR] InnoDB: Operating system error number 3 in a file operation.
2021-03-16 16:02:12 0 [ERROR] InnoDB: The error means the system cannot find the path specified.
2021-03-16 16:02:12 0 [ERROR] InnoDB: If you are installing InnoDB, remember that you must create directories yourself, InnoDB does not create them.
2021-03-16 16:02:12 0 [ERROR] InnoDB: Cannot open datafile for read-only: '.\local_db\identity.ibd' OS error: 203
2021-03-16 16:02:12 0 [ERROR] InnoDB: Operating system error number 203 in a file operation.
2021-03-16 16:02:12 0 [Note] InnoDB: Some operating system error numbers are described at https://mariadb.com/kb/en/library/operating-system-error-codes/
2021-03-16 16:02:12 0 [ERROR] InnoDB: Could not find a valid tablespace file for ``local_db`.`identity``. Please refer to https://mariadb.com/kb/en/innodb-data-dictionary-troubleshooting/ for how to resolve the issue.
2021-03-16 16:02:12 0 [Warning] InnoDB: Ignoring tablespace for `local_db`.`identity` because it could not be opened.
2021-03-16 16:02:12 0 [ERROR] InnoDB: Operating system error number 3 in a file operation.
2021-03-16 16:02:12 0 [ERROR] InnoDB: The error means the system cannot find the path specified.
2021-03-16 16:02:12 0 [ERROR] InnoDB: If you are installing InnoDB, remember that you must create directories yourself, InnoDB does not create them.
2021-03-16 16:02:12 0 [ERROR] InnoDB: Cannot open datafile for read-only: '.\local_db\weighted.ibd' OS error: 203
2021-03-16 16:02:12 0 [ERROR] InnoDB: Operating system error number 203 in a file operation.
2021-03-16 16:02:12 0 [Note] InnoDB: Some operating system error numbers are described at https://mariadb.com/kb/en/library/operating-system-error-codes/
2021-03-16 16:02:12 0 [ERROR] InnoDB: Could not find a valid tablespace file for ``local_db`.`weighted``. Please refer to https://mariadb.com/kb/en/innodb-data-dictionary-troubleshooting/ for how to resolve the issue.
2021-03-16 16:02:12 0 [Warning] InnoDB: Ignoring tablespace for `local_db`.`weighted` because it could not be opened.
2021-03-16 16:02:12 0 [Note] InnoDB: 128 out of 128 rollback segments are active.
2021-03-16 16:02:12 0 [Note] InnoDB: Creating shared tablespace for temporary tables
2021-03-16 16:02:12 0 [Note] InnoDB: Setting file 'C:\xampp\mysql\data\ibtmp1' size to 12 MB. Physically writing the file full; Please wait ...
2021-03-16 16:02:12 0 [Note] InnoDB: File 'C:\xampp\mysql\data\ibtmp1' size is now 12 MB.
2021-03-16 16:02:12 0 [Note] InnoDB: Waiting for purge to start
2021-03-16 16:02:12 0 [Note] InnoDB: 10.4.17 started; log sequence number 2074463; transaction id 2757
2021-03-16 16:02:12 0 [Note] InnoDB: Loading buffer pool(s) from C:\xampp\mysql\data\ib_buffer_pool
2021-03-16 16:02:12 0 [Note] Plugin 'FEEDBACK' is disabled.
2021-03-16 16:02:12 0 [Note] InnoDB: Buffer pool(s) load completed at 210316 16:02:12
2021-03-16 16:02:12 0 [Note] Server socket created on IP: '::'.
